Performing C SOURCE FILE Test CMAKE_HAVE_LIBC_PTHREAD failed with the following output:
Change Dir: /home/nicolas/dev/Prototipo/build/CMakeFiles/CMakeTmp

Run Build Command(s):/usr/bin/make cmTC_7bd01/fast && /usr/bin/make -f CMakeFiles/cmTC_7bd01.dir/build.make CMakeFiles/cmTC_7bd01.dir/build
make[1]: Entering directory '/home/nicolas/dev/Prototipo/build/CMakeFiles/CMakeTmp'
Building C object CMakeFiles/cmTC_7bd01.dir/src.c.o
/usr/bin/gcc-7   -DCMAKE_HAVE_LIBC_PTHREAD   -o CMakeFiles/cmTC_7bd01.dir/src.c.o   -c /home/nicolas/dev/Prototipo/build/CMakeFiles/CMakeTmp/src.c
Linking C executable cmTC_7bd01
/usr/local/bin/cmake -E cmake_link_script CMakeFiles/cmTC_7bd01.dir/link.txt --verbose=1
/usr/bin/gcc-7  -DCMAKE_HAVE_LIBC_PTHREAD    CMakeFiles/cmTC_7bd01.dir/src.c.o  -o cmTC_7bd01 
CMakeFiles/cmTC_7bd01.dir/src.c.o: Na função "main":
src.c:(.text+0x3e): referência não definida para "pthread_create"
src.c:(.text+0x4a): referência não definida para "pthread_detach"
src.c:(.text+0x5b): referência não definida para "pthread_join"
src.c:(.text+0x6f): referência não definida para "pthread_atfork"
collect2: error: ld returned 1 exit status
CMakeFiles/cmTC_7bd01.dir/build.make:86: recipe for target 'cmTC_7bd01' failed
make[1]: *** [cmTC_7bd01] Error 1
make[1]: Leaving directory '/home/nicolas/dev/Prototipo/build/CMakeFiles/CMakeTmp'
Makefile:121: recipe for target 'cmTC_7bd01/fast' failed
make: *** [cmTC_7bd01/fast] Error 2


Source file was:
#include <pthread.h>

void* test_func(void* data)
{
  return data;
}

int main(void)
{
  pthread_t thread;
  pthread_create(&thread, NULL, test_func, NULL);
  pthread_detach(thread);
  pthread_join(thread, NULL);
  pthread_atfork(NULL, NULL, NULL);
  pthread_exit(NULL);

  return 0;
}

Determining if the function pthread_create exists in the pthreads failed with the following output:
Change Dir: /home/nicolas/dev/Prototipo/build/CMakeFiles/CMakeTmp

Run Build Command(s):/usr/bin/make cmTC_fefd7/fast && /usr/bin/make -f CMakeFiles/cmTC_fefd7.dir/build.make CMakeFiles/cmTC_fefd7.dir/build
make[1]: Entering directory '/home/nicolas/dev/Prototipo/build/CMakeFiles/CMakeTmp'
Building C object CMakeFiles/cmTC_fefd7.dir/CheckFunctionExists.c.o
/usr/bin/gcc-7   -DCHECK_FUNCTION_EXISTS=pthread_create   -o CMakeFiles/cmTC_fefd7.dir/CheckFunctionExists.c.o   -c /usr/local/share/cmake-3.16/Modules/CheckFunctionExists.c
Linking C executable cmTC_fefd7
/usr/local/bin/cmake -E cmake_link_script CMakeFiles/cmTC_fefd7.dir/link.txt --verbose=1
/usr/bin/gcc-7  -DCHECK_FUNCTION_EXISTS=pthread_create    CMakeFiles/cmTC_fefd7.dir/CheckFunctionExists.c.o  -o cmTC_fefd7  -lpthreads 
/usr/bin/ld: não foi possível localizar -lpthreads
collect2: error: ld returned 1 exit status
CMakeFiles/cmTC_fefd7.dir/build.make:86: recipe for target 'cmTC_fefd7' failed
make[1]: *** [cmTC_fefd7] Error 1
make[1]: Leaving directory '/home/nicolas/dev/Prototipo/build/CMakeFiles/CMakeTmp'
Makefile:121: recipe for target 'cmTC_fefd7/fast' failed
make: *** [cmTC_fefd7/fast] Error 2



